2017-9-21 17:20:46 [info]: 日志模块已经启动
2017-9-21 17:20:46 [info]: 尝试初始化数据库模块
2017-9-21 17:20:46 [erro]: 数据库连接失败
2017-9-21 17:20:46 [info]: 数据库模块已经启动
2017-9-21 17:20:46 [info]: socket模块尝试启动
2017-9-21 17:20:46 [info]: 服务器socket创建成功
2017-9-21 17:20:46 [info]: 端口锁定成功
2017-9-21 17:20:46 [info]: 端口侦听成功
2017-9-21 17:20:46 [info]: socket模块已经启动
2017-9-21 17:20:46 [info]: 协议处理模块初始化完成
2017-9-21 17:20:46 [info]: 服务器正式启动，开始侦听端口......
2017-9-21 17:20:46 [info]: 读取数据:(21233c3c3c3c31313137303230303030303333333143000E110A14123B080123012301233e3e)
2017-9-21 17:20:46 [erro]: 数据操作失败
2017-9-21 17:20:46 [info]: 成功向客户端发送信息：information
2017-9-21 17:20:46 [info]: 读取数据:(quit)
2017-9-21 17:21:41 [info]: 日志模块已经启动
2017-9-21 17:21:41 [info]: 尝试初始化数据库模块
2017-9-21 17:21:41 [info]: 数据库连接成功
2017-9-21 17:21:41 [info]: 数据库模块已经启动
2017-9-21 17:21:41 [info]: socket模块尝试启动
2017-9-21 17:21:41 [info]: 服务器socket创建成功
2017-9-21 17:21:41 [info]: 端口锁定成功
2017-9-21 17:21:41 [info]: 端口侦听成功
2017-9-21 17:21:41 [info]: socket模块已经启动
2017-9-21 17:21:41 [info]: 协议处理模块初始化完成
2017-9-21 17:21:41 [info]: 服务器正式启动，开始侦听端口......
2017-9-21 17:21:41 [info]: 读取数据:(21233c3c3c3c31313137303230303030303333333143000E110A14123B080123012301233e3e)
2017-9-21 17:21:41 [info]: 数据操作成功
2017-9-21 17:21:41 [info]: 成功向客户端发送信息：information
2017-9-21 17:21:41 [info]: 读取数据:(quit)
2017-9-21 17:23:14 [info]: 日志模块已经启动
2017-9-21 17:23:14 [info]: 尝试初始化数据库模块
2017-9-21 17:23:14 [info]: 数据库连接成功
2017-9-21 17:23:14 [info]: 数据库模块已经启动
2017-9-21 17:23:14 [info]: socket模块尝试启动
2017-9-21 17:23:14 [info]: 服务器socket创建成功
2017-9-21 17:23:14 [info]: 端口锁定成功
2017-9-21 17:23:14 [info]: 端口侦听成功
2017-9-21 17:23:14 [info]: socket模块已经启动
2017-9-21 17:23:14 [info]: 协议处理模块初始化完成
2017-9-21 17:23:14 [info]: 服务器正式启动，开始侦听端口......
2017-9-21 17:23:14 [info]: 读取数据:(21233c3c3c3c31313137303230303030303333333143000E110A14123B080123012301233e3e)
2017-9-21 17:23:14 [info]: 数据操作成功
2017-9-21 17:23:14 [info]: 成功向客户端发送信息：information
2017-9-21 17:23:14 [info]: 读取数据:(quit)
2017-9-21 11:16:53 [info]: 日志模块已经启动
2017-9-21 11:16:53 [info]: 尝试初始化数据库模块
2017-9-21 11:16:53 [info]: 数据库连接成功
2017-9-21 11:16:53 [info]: 数据库模块已经启动
2017-9-21 11:16:53 [info]: socket模块尝试启动
2017-9-21 11:16:53 [info]: 服务器socket创建成功
2017-9-21 11:16:53 [info]: 端口锁定成功
2017-9-21 11:16:53 [info]: 端口侦听成功
2017-9-21 11:16:53 [info]: socket模块已经启动
2017-9-21 11:16:53 [info]: 协议处理模块初始化完成
2017-9-21 11:16:53 [info]: 服务器正式启动，开始侦听端口......
2017-9-21 11:16:53 [info]: 读取数据:(21233c3c3c3c31313137303230303030303333333137000EA,3957.85008,N,11620.11820,E110x3e0x3e)
2017-9-21 11:16:53 [erro]: 数据操作失败
2017-9-21 11:16:53 [info]: 成功向客户端发送信息：information
2017-9-21 11:16:53 [info]: 读取数据:(quit)
2017-9-21 11:17:54 [info]: 日志模块已经启动
2017-9-21 11:17:54 [info]: 尝试初始化数据库模块
2017-9-21 11:17:54 [info]: 数据库连接成功
2017-9-21 11:17:54 [info]: 数据库模块已经启动
2017-9-21 11:17:54 [info]: socket模块尝试启动
2017-9-21 11:17:54 [info]: 服务器socket创建成功
2017-9-21 11:17:54 [info]: 端口锁定成功
2017-9-21 11:17:54 [info]: 端口侦听成功
2017-9-21 11:17:54 [info]: socket模块已经启动
2017-9-21 11:17:54 [info]: 协议处理模块初始化完成
2017-9-21 11:17:54 [info]: 服务器正式启动，开始侦听端口......
2017-9-21 11:17:54 [info]: 读取数据:(21233c3c3c3c31313137303230303030303333333137000EA,3957.85008,N,11620.11820,E110x3e0x3e)
2017-9-21 11:17:54 [erro]: 数据操作失败
2017-9-21 11:17:54 [info]: 成功向客户端发送信息：information
2017-9-21 11:17:54 [info]: 读取数据:(quit)
2017-9-21 11:20:4 [info]: 日志模块已经启动
2017-9-21 11:20:4 [info]: 尝试初始化数据库模块
2017-9-21 11:20:4 [info]: 数据库连接成功
2017-9-21 11:20:4 [info]: 数据库模块已经启动
2017-9-21 11:20:4 [info]: socket模块尝试启动
2017-9-21 11:20:4 [info]: 服务器socket创建成功
2017-9-21 11:20:4 [erro]: 端口锁定失败
2017-9-21 11:20:4 [info]: socket模块已经启动
2017-9-21 11:20:4 [info]: 协议处理模块初始化完成
2017-9-21 11:20:4 [info]: 服务器正式启动，开始侦听端口......
2017-9-21 11:20:4 [erro]: 并没有被接受服务器被迫停止，原因有可能是端口被占用，请重试
2017-9-21 11:20:39 [info]: 日志模块已经启动
2017-9-21 11:20:39 [info]: 尝试初始化数据库模块
2017-9-21 11:20:39 [info]: 数据库连接成功
2017-9-21 11:20:39 [info]: 数据库模块已经启动
2017-9-21 11:20:39 [info]: socket模块尝试启动
2017-9-21 11:20:39 [info]: 服务器socket创建成功
2017-9-21 11:20:39 [info]: 端口锁定成功
2017-9-21 11:20:39 [info]: 端口侦听成功
2017-9-21 11:20:39 [info]: socket模块已经启动
2017-9-21 11:20:39 [info]: 协议处理模块初始化完成
2017-9-21 11:20:39 [info]: 服务器正式启动，开始侦听端口......
2017-9-21 11:20:39 [info]: 读取数据:(21233c3c3c3c31313137303230303030303333333137000EA,3957.85008,N,11620.11820,E110x3e0x3e)
2017-9-21 11:20:39 [info]: 数据操作成功
2017-9-21 11:20:39 [info]: 成功向客户端发送信息：information
2017-9-21 11:20:39 [info]: 读取数据:(quit)
2017-9-21 11:34:47 [info]: 日志模块已经启动
2017-9-21 11:34:47 [info]: 尝试初始化数据库模块
2017-9-21 11:34:47 [info]: 数据库连接成功
2017-9-21 11:34:47 [info]: 数据库模块已经启动
2017-9-21 11:34:47 [info]: socket模块尝试启动
2017-9-21 11:34:47 [info]: 服务器socket创建成功
2017-9-21 11:34:47 [info]: 端口锁定成功
2017-9-21 11:34:47 [info]: 端口侦听成功
2017-9-21 11:34:47 [info]: socket模块已经启动
2017-9-21 11:34:47 [info]: 协议处理模块初始化完成
2017-9-21 11:34:47 [info]: 服务器正式启动，开始侦听端口......
2017-9-21 11:34:47 [info]: 读取数据:(21233c3c3c3c31313137303230303030303333333143000E110A14123B080123012301233e3e21233c3c3c3c31313137303230303030303333333137000EA,3957.85008,N,11620.11820,E110x3e0x3e21233c3c3c3c31313137303230303030303333333153000E110A14123B080123012301233e3e)
2017-9-21 11:34:47 [info]: 数据操作成功
2017-9-21 11:34:47 [info]: 成功向客户端发送信息：information
2017-9-21 11:34:47 [info]: 读取数据:(quit)
2017-9-21 11:37:25 [info]: 日志模块已经启动
2017-9-21 11:37:25 [info]: 尝试初始化数据库模块
2017-9-21 11:37:25 [info]: 数据库连接成功
2017-9-21 11:37:25 [info]: 数据库模块已经启动
2017-9-21 11:37:25 [info]: socket模块尝试启动
2017-9-21 11:37:25 [info]: 服务器socket创建成功
2017-9-21 11:37:25 [info]: 端口锁定成功
2017-9-21 11:37:25 [info]: 端口侦听成功
2017-9-21 11:37:25 [info]: socket模块已经启动
2017-9-21 11:37:25 [info]: 协议处理模块初始化完成
2017-9-21 11:37:25 [info]: 服务器正式启动，开始侦听端口......
2017-9-21 11:37:25 [info]: 读取数据:(21233c3c3c3c31313137303230303030303333333143000E110A14123B080123012301233e3e)
2017-9-21 11:37:25 [info]: 数据操作成功
2017-9-21 11:37:25 [info]: 成功向客户端发送信息：information
2017-9-21 11:37:25 [info]: 读取数据:(21233c3c3c3c31313137303230303030303333333137000EA,3957.85008,N,11620.11820,E110x3e0x3e)
2017-9-21 11:37:25 [info]: 数据操作成功
2017-9-21 11:37:25 [info]: 成功向客户端发送信息：information
2017-9-21 11:37:25 [info]: 读取数据:(21233c3c3c3c31313137303230303030303333333153000E110A14123B080123012301233e3e)
2017-9-21 11:37:25 [info]: 数据操作成功
2017-9-21 11:37:25 [info]: 成功向客户端发送信息：information
2017-9-21 11:37:25 [info]: 读取数据:(quit)
2017-9-21 11:41:51 [info]: 日志模块已经启动
2017-9-21 11:41:51 [info]: 尝试初始化数据库模块
2017-9-21 11:41:51 [info]: 数据库连接成功
2017-9-21 11:41:51 [info]: 数据库模块已经启动
2017-9-21 11:41:51 [info]: socket模块尝试启动
2017-9-21 11:41:51 [info]: 服务器socket创建成功
2017-9-21 11:41:51 [info]: 端口锁定成功
2017-9-21 11:41:51 [info]: 端口侦听成功
2017-9-21 11:41:51 [info]: socket模块已经启动
2017-9-21 11:41:51 [info]: 协议处理模块初始化完成
2017-9-21 11:41:51 [info]: 服务器正式启动，开始侦听端口......
2017-9-21 11:41:51 [info]: 读取数据:(21233c3c3c3c31313137303230303030303333333143000E110A14123B080123012301233e3e)
2017-9-21 11:41:51 [info]: 数据操作成功
2017-9-21 11:41:51 [info]: 成功向客户端发送信息：information
2017-9-21 11:41:51 [info]: 读取数据:(21233c3c3c3c31313137303230303030303333333137000EA,3957.85008,N,11620.11820,E110x3e0x3e)
2017-9-21 11:41:51 [info]: 数据操作成功
2017-9-21 11:41:51 [info]: 成功向客户端发送信息：information
2017-9-21 11:41:51 [info]: 读取数据:(21233c3c3c3c31313137303230303030303333333153000E110A14123B080123012301233e3e)
2017-9-21 11:41:51 [info]: 数据操作成功
2017-9-21 11:41:51 [info]: 成功向客户端发送信息：information
2017-9-21 11:41:51 [info]: 读取数据:(quit)
2017-9-21 16:17:19 [info]: 日志模块已经启动
2017-9-21 16:17:19 [info]: 尝试初始化数据库模块
2017-9-21 16:17:19 [info]: 数据库连接成功
2017-9-21 16:17:19 [info]: 数据库模块已经启动
2017-9-21 16:17:19 [info]: socket模块尝试启动
2017-9-21 16:17:19 [info]: 服务器socket创建成功
2017-9-21 16:17:19 [info]: 端口锁定成功
2017-9-21 16:17:19 [info]: 端口侦听成功
2017-9-21 16:17:19 [info]: socket模块已经启动
2017-9-21 16:17:19 [info]: 协议处理模块初始化完成
2017-9-21 16:17:19 [info]: 服务器正式启动，开始侦听端口......
2017-9-21 16:17:19 [info]: 读取数据:(21233c3c3c3c31313137303230303030303333333143000E110A14123B080123012301233e3e)
2017-9-21 16:17:19 [info]: 数据操作成功
2017-9-21 16:17:19 [info]: 成功向客户端发送信息：information
2017-9-21 16:17:19 [info]: 读取数据:(21233c3c3c3c31313137303230303030303333333137000EA,3957.85008,N,11620.11820,E110x3e0x3e)
2017-9-21 16:17:19 [info]: 数据操作成功
2017-9-21 16:17:19 [info]: 成功向客户端发送信息：information
2017-9-21 16:17:19 [info]: 读取数据:(21233c3c3c3c31313137303230303030303333333153000E110A14123B080123012301233e3e)
2017-9-21 16:17:19 [info]: 数据操作成功
2017-9-21 16:17:19 [info]: 成功向客户端发送信息：information
2017-9-21 16:17:19 [info]: 读取数据:(quit)
2017-9-21 21:47:27 [info]: 日志模块已经启动
2017-9-21 21:47:27 [info]: 尝试初始化数据库模块
2017-9-21 21:47:27 [info]: 数据库连接成功
2017-9-21 21:47:27 [info]: 数据库模块已经启动
2017-9-21 21:47:27 [info]: socket模块尝试启动
2017-9-21 21:47:27 [info]: 服务器socket创建成功
2017-9-21 21:47:27 [info]: 端口锁定成功
2017-9-21 21:47:27 [info]: 端口侦听成功
2017-9-21 21:47:27 [info]: socket模块已经启动
2017-9-21 21:47:27 [info]: 协议处理模块初始化完成
2017-9-21 21:47:27 [info]: 服务器正式启动，开始侦听端口......
2017-9-21 21:47:27 [info]: 读取数据:(21233c3c3c3c31313137303230303030303333333143000E110A14123B080123012301233e3e)
2017-9-21 21:47:27 [info]: 数据操作成功
2017-9-21 21:47:27 [info]: 成功向客户端发送信息：information
2017-9-21 21:47:27 [info]: 读取数据:(21233c3c3c3c31313137303230303030303333333137000EA,3957.85008,N,11620.11820,E110x3e0x3e)
2017-9-21 21:47:27 [info]: 数据操作成功
2017-9-21 21:47:27 [info]: 成功向客户端发送信息：information
2017-9-21 21:47:27 [info]: 读取数据:(21233c3c3c3c31313137303230303030303333333153000E110A14123B080123012301233e3e)
2017-9-21 21:47:27 [info]: 数据操作成功
2017-9-21 21:47:27 [info]: 成功向客户端发送信息：information
2017-9-21 21:47:27 [info]: 读取数据:(quit)
