2017-9-30 12:8:46 [info]: 日志模块已经启动
2017-9-30 12:8:46 [info]: 尝试初始化数据库模块
2017-9-30 12:8:46 [info]: 数据库连接成功
2017-9-30 12:8:46 [info]: 数据库模块已经启动
2017-9-30 12:8:46 [info]: socket模块尝试启动
2017-9-30 12:8:46 [info]: 服务器socket创建成功
2017-9-30 12:8:46 [info]: 端口锁定成功
2017-9-30 12:8:46 [info]: 端口侦听成功
2017-9-30 12:8:46 [info]: socket模块已经启动
2017-9-30 12:8:46 [info]: 协议处理模块初始化完成
2017-9-30 12:8:46 [info]: 服务器正式启动，开始侦听端口......
2017-9-30 12:8:46 [info]: 读取数据:(21233c3c3c3c31313137303230303030303333333143000E110A14123B080123012301233e3e)
2017-9-30 12:8:46 [info]: 数据操作成功
2017-9-30 12:8:46 [info]: 成功向客户端发送信息：information
2017-9-30 12:8:46 [info]: 读取数据:(21233c3c3c3c31313137303230303030303333333137000EA,3957.85008,N,11620.11820,E110x3e0x3e)
2017-9-30 12:8:46 [info]: 数据操作成功
2017-9-30 12:8:46 [info]: 成功向客户端发送信息：information
2017-9-30 12:8:46 [info]: 读取数据:(21233c3c3c3c31313137303230303030303333333153000E110A14123B080123012301233e3e)
2017-9-30 12:8:46 [info]: 数据操作成功
2017-9-30 12:8:46 [info]: 成功向客户端发送信息：information
2017-9-30 12:8:46 [info]: 读取数据:(quit)
2017-9-30 12:13:46 [info]: 日志模块已经启动
2017-9-30 12:13:46 [info]: 尝试初始化数据库模块
2017-9-30 12:13:46 [info]: 数据库连接成功
2017-9-30 12:13:46 [info]: 数据库模块已经启动
2017-9-30 12:13:46 [info]: socket模块尝试启动
2017-9-30 12:13:46 [info]: 服务器socket创建成功
2017-9-30 12:13:46 [info]: 端口锁定成功
2017-9-30 12:13:46 [info]: 端口侦听成功
2017-9-30 12:13:46 [info]: socket模块已经启动
2017-9-30 12:13:46 [info]: 协议处理模块初始化完成
2017-9-30 12:13:46 [info]: 服务器正式启动，开始侦听端口......
2017-9-30 12:13:46 [info]: 读取数据:(21233c3c3c3c31313137303230303030303333333143000E110A14123B080123012301233e3e)
2017-9-30 12:13:46 [info]: 数据操作成功
2017-9-30 12:13:46 [info]: 成功向客户端发送信息：information
2017-9-30 12:13:46 [info]: 读取数据:(21233c3c3c3c31313137303230303030303333333137000EA,3957.85008,N,11620.11820,E110x3e0x3e)
2017-9-30 12:13:46 [info]: 数据操作成功
2017-9-30 12:13:46 [info]: 成功向客户端发送信息：information
2017-9-30 12:13:46 [info]: 读取数据:(21233c3c3c3c31313137303230303030303333333153000E110A14123B080123012301233e3e)
2017-9-30 12:13:46 [erro]: 数据操作失败
2017-9-30 12:13:46 [info]: 成功向客户端发送信息：information
2017-9-30 12:13:46 [info]: 读取数据:(quit)
2017-9-30 12:16:27 [info]: 日志模块已经启动
2017-9-30 12:16:27 [info]: 尝试初始化数据库模块
2017-9-30 12:16:27 [info]: 数据库连接成功
2017-9-30 12:16:27 [info]: 数据库模块已经启动
2017-9-30 12:16:27 [info]: socket模块尝试启动
2017-9-30 12:16:27 [info]: 服务器socket创建成功
2017-9-30 12:16:27 [info]: 端口锁定成功
2017-9-30 12:16:27 [info]: 端口侦听成功
2017-9-30 12:16:27 [info]: socket模块已经启动
2017-9-30 12:16:27 [info]: 协议处理模块初始化完成
2017-9-30 12:16:27 [info]: 服务器正式启动，开始侦听端口......
2017-9-30 12:16:27 [info]: 读取数据:(21233c3c3c3c31313137303230303030303333333143000E110A14123B080123012301233e3e)
2017-9-30 12:16:27 [info]: 数据操作成功
2017-9-30 12:16:27 [info]: 成功向客户端发送信息：information
2017-9-30 12:16:27 [info]: 读取数据:(21233c3c3c3c31313137303230303030303333333137000EA,3957.85008,N,11620.11820,E110x3e0x3e)
2017-9-30 12:16:27 [info]: 数据操作成功
2017-9-30 12:16:27 [info]: 成功向客户端发送信息：information
2017-9-30 12:16:27 [info]: 读取数据:(21233c3c3c3c31313137303230303030303333333153000E110A14123B080123012301233e3e)
2017-9-30 12:16:27 [info]: 数据操作成功
2017-9-30 12:16:27 [info]: 成功向客户端发送信息：information
2017-9-30 12:16:27 [info]: 读取数据:(quit)
