2017-9-20 12:50:14 [info]: 日志模块已经启动
2017-9-20 12:50:14 [info]: 尝试初始化数据库模块
2017-9-20 12:50:14 [info]: 数据库连接成功
2017-9-20 12:50:14 [info]: 数据库模块已经启动
2017-9-20 12:50:14 [info]: socket模块尝试启动
2017-9-20 12:50:14 [info]: 服务器socket创建成功
2017-9-20 12:50:14 [info]: 端口锁定成功
2017-9-20 12:50:14 [info]: 端口侦听成功
2017-9-20 12:50:14 [info]: socket模块已经启动
2017-9-20 12:51:7 [info]: 日志模块已经启动
2017-9-20 12:51:7 [info]: 尝试初始化数据库模块
2017-9-20 12:51:7 [info]: 数据库连接成功
2017-9-20 12:51:7 [info]: 数据库模块已经启动
2017-9-20 12:51:7 [info]: socket模块尝试启动
2017-9-20 12:51:7 [info]: 服务器socket创建成功
2017-9-20 12:51:7 [info]: 端口锁定成功
2017-9-20 12:51:7 [info]: 端口侦听成功
2017-9-20 12:51:7 [info]: socket模块已经启动
2017-9-20 12:51:7 [info]: 服务器正式启动，开始侦听端口......
2017-9-20 12:51:7 [info]: 读取数据:0x17;1000;10;10;10;
2017-9-20 13:18:53 [info]: 日志模块已经启动
2017-9-20 13:18:53 [info]: 尝试初始化数据库模块
2017-9-20 13:18:53 [info]: 数据库连接成功
2017-9-20 13:18:53 [info]: 数据库模块已经启动
2017-9-20 13:18:53 [info]: socket模块尝试启动
2017-9-20 13:18:53 [info]: 服务器socket创建成功
2017-9-20 13:18:53 [info]: 端口锁定成功
2017-9-20 13:18:53 [info]: 端口侦听成功
2017-9-20 13:18:53 [info]: socket模块已经启动
2017-9-20 13:18:53 [info]: 协议处理模块初始化完成
2017-9-20 13:18:53 [info]: 服务器正式启动，开始侦听端口......
2017-9-20 13:18:53 [info]: 读取数据:0x17;1000;10;10;10;
2017-9-20 13:18:53 [info]: 读取数据:
2017-9-20 13:21:12 [info]: 日志模块已经启动
2017-9-20 13:21:12 [info]: 尝试初始化数据库模块
2017-9-20 13:21:12 [info]: 数据库连接成功
2017-9-20 13:21:12 [info]: 数据库模块已经启动
2017-9-20 13:21:12 [info]: socket模块尝试启动
2017-9-20 13:21:12 [info]: 服务器socket创建成功
2017-9-20 13:21:12 [info]: 端口锁定成功
2017-9-20 13:21:12 [info]: 端口侦听成功
2017-9-20 13:21:12 [info]: socket模块已经启动
2017-9-20 13:21:12 [info]: 协议处理模块初始化完成
2017-9-20 13:21:12 [info]: 服务器正式启动，开始侦听端口......
2017-9-20 13:21:12 [info]: 读取数据:0x17;1000;10;10;10;
2017-9-20 13:21:12 [info]: 成功向客户端发送信息：information
2017-9-20 13:21:12 [info]: 读取数据:0x17;1001;10;10;10.2;
2017-9-20 13:21:12 [info]: 成功向客户端发送信息：information
2017-9-20 13:21:12 [info]: 读取数据:0x17;1002;10;10;
2017-9-20 13:21:12 [info]: 成功向客户端发送信息：information
2017-9-20 13:21:12 [info]: 读取数据:0x17;1003;10;100;
2017-9-20 13:21:12 [info]: 成功向客户端发送信息：information
2017-9-20 13:21:12 [info]: 读取数据:0x17;2000;10;10;10;100;
2017-9-20 13:21:12 [info]: 成功向客户端发送信息：information
2017-9-20 13:21:12 [info]: 读取数据:0x17;2001;10;10;10;
2017-9-20 13:21:12 [info]: 成功向客户端发送信息：information
2017-9-20 13:21:12 [info]: 读取数据:0x17;2002;10;10;10;
2017-9-20 13:21:12 [info]: 成功向客户端发送信息：information
2017-9-20 13:21:12 [info]: 读取数据:0x17;2003;10;10;108;
2017-9-20 13:21:12 [info]: 成功向客户端发送信息：information
2017-9-20 13:21:12 [info]: 读取数据:0x17;3000;10;10;10;12;
2017-9-20 13:21:12 [info]: 成功向客户端发送信息：information
2017-9-20 13:21:12 [info]: 读取数据:0x17;3001;10;10;
2017-9-20 13:21:12 [info]: 成功向客户端发送信息：information
2017-9-20 13:21:12 [info]: 读取数据:quit
2017-9-20 15:11:58 [info]: 日志模块已经启动
2017-9-20 15:11:58 [info]: 尝试初始化数据库模块
2017-9-20 15:11:58 [info]: 数据库连接成功
2017-9-20 15:11:58 [info]: 数据库模块已经启动
2017-9-20 15:11:58 [info]: socket模块尝试启动
2017-9-20 15:11:58 [info]: 服务器socket创建成功
2017-9-20 15:11:58 [info]: 端口锁定成功
2017-9-20 15:11:58 [info]: 端口侦听成功
2017-9-20 15:11:58 [info]: socket模块已经启动
2017-9-20 15:11:58 [info]: 协议处理模块初始化完成
2017-9-20 15:11:58 [info]: 服务器正式启动，开始侦听端口......
2017-9-20 15:11:58 [info]: 读取数据:0x210x230x3c0x3c0x1c0x1c0x310x310x100x110x120x130x140x150x160x170x180x190x1A0x1Bsword
2017-9-20 15:11:58 [info]: 成功向客户端发送信息：information
2017-9-20 15:11:58 [info]: 读取数据:0x1C0x1D0x1E0x1F0x310x430x000x0E0x110x0A0x140x120x3B0x080x010x230x010x230x010x23
2017-9-20 15:11:58 [info]: 成功向客户端发送信息：information
2017-9-20 15:11:58 [info]: 读取数据:0x3e0x3e
2017-9-20 15:11:58 [info]: 成功向客户端发送信息：information
2017-9-20 15:28:59 [info]: 日志模块已经启动
2017-9-20 15:28:59 [info]: 尝试初始化数据库模块
2017-9-20 15:28:59 [info]: 数据库连接成功
2017-9-20 15:28:59 [info]: 数据库模块已经启动
2017-9-20 15:28:59 [info]: socket模块尝试启动
2017-9-20 15:28:59 [info]: 服务器socket创建成功
2017-9-20 15:28:59 [info]: 端口锁定成功
2017-9-20 15:28:59 [info]: 端口侦听成功
2017-9-20 15:28:59 [info]: socket模块已经启动
2017-9-20 15:28:59 [info]: 协议处理模块初始化完成
2017-9-20 15:28:59 [info]: 服务器正式启动，开始侦听端口......
2017-9-20 15:28:59 [info]: 读取数据:0x210x230x3c0x3c0x1c0x1c0x310x310x100x110x120x130x140x150x160x170x180x190x1A0x1Bsword
2017-9-20 15:30:11 [info]: 日志模块已经启动
2017-9-20 15:30:11 [info]: 尝试初始化数据库模块
2017-9-20 15:30:11 [info]: 数据库连接成功
2017-9-20 15:30:11 [info]: 数据库模块已经启动
2017-9-20 15:30:11 [info]: socket模块尝试启动
2017-9-20 15:30:11 [info]: 服务器socket创建成功
2017-9-20 15:30:11 [info]: 端口锁定成功
2017-9-20 15:30:11 [info]: 端口侦听成功
2017-9-20 15:30:11 [info]: socket模块已经启动
2017-9-20 15:30:11 [info]: 协议处理模块初始化完成
2017-9-20 15:30:11 [info]: 服务器正式启动，开始侦听端口......
2017-9-20 15:30:11 [info]: 读取数据:0x210x230x3c0x3c0x1c0x1c0x310x310x100x110x120x130x140x150x160x170x180x190x1A0x1Bsword
2017-9-20 15:30:11 [info]: 成功向客户端发送信息：information
2017-9-20 15:30:11 [info]: 读取数据:0x1C0x1D0x1E0x1F0x310x430x000x0E0x110x0A0x140x120x3B0x080x010x230x010x230x010x23
2017-9-20 15:30:11 [info]: 成功向客户端发送信息：information
2017-9-20 15:30:11 [info]: 读取数据:0x3e0x3e
2017-9-20 15:30:11 [info]: 成功向客户端发送信息：information
2017-9-20 15:30:11 [info]: 读取数据:
2017-9-20 15:32:39 [info]: 日志模块已经启动
2017-9-20 15:32:39 [info]: 尝试初始化数据库模块
2017-9-20 15:32:39 [info]: 数据库连接成功
2017-9-20 15:32:39 [info]: 数据库模块已经启动
2017-9-20 15:32:39 [info]: socket模块尝试启动
2017-9-20 15:32:39 [info]: 服务器socket创建成功
2017-9-20 15:32:39 [info]: 端口锁定成功
2017-9-20 15:32:39 [info]: 端口侦听成功
2017-9-20 15:32:39 [info]: socket模块已经启动
2017-9-20 15:32:39 [info]: 协议处理模块初始化完成
2017-9-20 15:32:39 [info]: 服务器正式启动，开始侦听端口......
2017-9-20 15:34:7 [info]: 日志模块已经启动
2017-9-20 15:34:7 [info]: 尝试初始化数据库模块
2017-9-20 15:34:7 [info]: 数据库连接成功
2017-9-20 15:34:7 [info]: 数据库模块已经启动
2017-9-20 15:34:7 [info]: socket模块尝试启动
2017-9-20 15:34:7 [info]: 服务器socket创建成功
2017-9-20 15:34:7 [info]: 端口锁定成功
2017-9-20 15:34:7 [info]: 端口侦听成功
2017-9-20 15:34:7 [info]: socket模块已经启动
2017-9-20 15:34:7 [info]: 协议处理模块初始化完成
2017-9-20 15:34:7 [info]: 服务器正式启动，开始侦听端口......
2017-9-20 15:35:29 [info]: 日志模块已经启动
2017-9-20 15:35:29 [info]: 尝试初始化数据库模块
2017-9-20 15:35:29 [info]: 数据库连接成功
2017-9-20 15:35:29 [info]: 数据库模块已经启动
2017-9-20 15:35:29 [info]: socket模块尝试启动
2017-9-20 15:35:29 [info]: 服务器socket创建成功
2017-9-20 15:35:29 [info]: 端口锁定成功
2017-9-20 15:35:29 [info]: 端口侦听成功
2017-9-20 15:35:29 [info]: socket模块已经启动
2017-9-20 15:35:29 [info]: 协议处理模块初始化完成
2017-9-20 15:35:29 [info]: 服务器正式启动，开始侦听端口......
2017-9-20 15:35:29 [info]: 读取数据:0x210x230x3c0x3c0x1c0x1c0x310x310x100x110x120x130x140x150x160x170x180x190x1A0x1Bsword
2017-9-20 15:35:29 [info]: 成功向客户端发送信息：information
2017-9-20 15:35:29 [info]: 读取数据:0x1C0x1D0x1E0x1F0x310x430x000x0E0x110x0A0x140x120x3B0x080x010x230x010x230x010x23
2017-9-20 15:35:29 [info]: 成功向客户端发送信息：information
2017-9-20 15:35:29 [info]: 读取数据:0x3e0x3e0x210x230x3c0x3c0x1c0x1c0x310x310x100x110x120x130x140x150x160x170x180x19
2017-9-20 15:35:29 [info]: 成功向客户端发送信息：information
2017-9-20 15:35:29 [info]: 读取数据:0x1A0x1B0x1C0x1D0x1E0x1F0x310x430x000x0E0x110x0A0x140x120x3B0x080x010x230x010x23
2017-9-20 15:35:29 [info]: 成功向客户端发送信息：information
2017-9-20 15:35:29 [info]: 读取数据:0x010x230x3e0x3e0x210x230x3c0x3c0x1c0x1c0x310x310x100x110x120x130x140x150x160x17
2017-9-20 15:35:29 [info]: 成功向客户端发送信息：information
2017-9-20 15:35:29 [info]: 读取数据:0x180x190x1A0x1B0x1C0x1D0x1E0x1F0x310x430x000x0E0x110x0A0x140x120x3B0x080x010x23
2017-9-20 15:35:29 [info]: 成功向客户端发送信息：information
2017-9-20 15:35:29 [info]: 读取数据:0x010x230x010x230x3e0x3e0x210x230x3c0x3c0x1c0x1c0x310x310x100x110x120x130x140x15
2017-9-20 15:35:29 [info]: 成功向客户端发送信息：information
2017-9-20 15:35:29 [info]: 读取数据:0x160x170x180x190x1A0x1B0x1C0x1D0x1E0x1F0x310x430x000x0E0x110x0A0x140x120x3B0x08
2017-9-20 15:35:29 [info]: 成功向客户端发送信息：information
2017-9-20 15:35:29 [info]: 读取数据:0x010x230x010x230x010x230x3e0x3e0x210x230x3c0x3c0x1c0x1c0x310x310x100x110x120x13
2017-9-20 15:35:29 [info]: 成功向客户端发送信息：information
2017-9-20 15:35:29 [info]: 读取数据:0x140x150x160x170x180x190x1A0x1B0x1C0x1D0x1E0x1F0x310x430x000x0E0x110x0A0x140x12
2017-9-20 15:35:29 [info]: 成功向客户端发送信息：information
2017-9-20 15:35:29 [info]: 读取数据:0x3B0x080x010x230x010x230x010x230x3e0x3e0x210x230x3c0x3c0x1c0x1c0x310x310x100x11
2017-9-20 15:35:29 [info]: 成功向客户端发送信息：information
2017-9-20 15:35:29 [info]: 读取数据:0x120x130x140x150x160x170x180x190x1A0x1B0x1C0x1D0x1E0x1F0x310x430x000x0E0x110x0A
2017-9-20 15:35:29 [info]: 成功向客户端发送信息：information
2017-9-20 15:35:29 [info]: 读取数据:0x140x120x3B0x080x010x230x010x230x010x230x3e0x3e0x210x230x3c0x3c0x1c0x1c0x310x31
2017-9-20 15:35:29 [info]: 成功向客户端发送信息：information
2017-9-20 15:35:29 [info]: 读取数据:0x100x110x120x130x140x150x160x170x180x190x1A0x1B0x1C0x1D0x1E0x1F0x310x430x000x0E
2017-9-20 15:35:29 [info]: 成功向客户端发送信息：information
2017-9-20 15:35:29 [info]: 读取数据:0x110x0A0x140x120x3B0x080x010x230x010x230x010x230x3e0x3e0x210x230x3c0x3c0x1c0x1c
2017-9-20 15:35:29 [info]: 成功向客户端发送信息：information
2017-9-20 15:35:29 [info]: 读取数据:0x310x310x100x110x120x130x140x150x160x170x180x190x1A0x1B0x1C0x1D0x1E0x1F0x310x43
2017-9-20 15:35:29 [info]: 成功向客户端发送信息：information
2017-9-20 15:35:29 [info]: 读取数据:0x000x0E0x110x0A0x140x120x3B0x080x010x230x010x230x010x230x3e0x3e0x210x230x3c0x3c
2017-9-20 15:35:29 [info]: 成功向客户端发送信息：information
2017-9-20 15:35:29 [info]: 读取数据:0x1c0x1c0x310x310x100x110x120x130x140x150x160x170x180x190x1A0x1B0x1C0x1D0x1E0x1F
2017-9-20 15:35:29 [info]: 成功向客户端发送信息：information
2017-9-20 15:35:29 [info]: 读取数据:0x310x430x000x0E0x110x0A0x140x120x3B0x080x010x230x010x230x010x230x3e0x3e0x210x23
2017-9-20 15:35:29 [info]: 成功向客户端发送信息：information
2017-9-20 15:35:29 [info]: 读取数据:0x3c0x3c0x1c0x1c0x310x310x100x110x120x130x140x150x160x170x180x190x1A0x1B0x1C0x1D
2017-9-20 15:35:29 [info]: 成功向客户端发送信息：information
2017-9-20 15:35:29 [info]: 读取数据:0x1E0x1F0x310x430x000x0E0x110x0A0x140x120x3B0x080x010x230x010x230x010x230x3e0x3e
2017-9-20 15:35:29 [info]: 成功向客户端发送信息：information
2017-9-20 15:35:29 [info]: 读取数据:quit
2017-9-20 15:36:26 [info]: 日志模块已经启动
2017-9-20 15:36:26 [info]: 尝试初始化数据库模块
2017-9-20 15:36:26 [info]: 数据库连接成功
2017-9-20 15:36:26 [info]: 数据库模块已经启动
2017-9-20 15:36:26 [info]: socket模块尝试启动
2017-9-20 15:36:26 [info]: 服务器socket创建成功
2017-9-20 15:36:26 [info]: 端口锁定成功
2017-9-20 15:36:26 [info]: 端口侦听成功
2017-9-20 15:36:26 [info]: socket模块已经启动
2017-9-20 15:36:26 [info]: 协议处理模块初始化完成
2017-9-20 15:36:26 [info]: 服务器正式启动，开始侦听端口......
2017-9-20 15:36:26 [info]: 读取数据:0x210x230x3c0x3c0x1c0x1c0x310x310x100x110x120x130x140x150x160x170x180x190x1A0x1Bsword
2017-9-20 15:36:26 [info]: 成功向客户端发送信息：information
2017-9-20 15:36:26 [info]: 读取数据:0x1C0x1D0x1E0x1F0x310x430x000x0E0x110x0A0x140x120x3B0x080x010x230x010x230x010x23
2017-9-20 15:36:26 [info]: 成功向客户端发送信息：information
2017-9-20 15:36:26 [info]: 读取数据:0x3e0x3e
2017-9-20 15:36:26 [info]: 成功向客户端发送信息：information
2017-9-20 15:36:26 [info]: 读取数据:quit
2017-9-20 15:38:15 [info]: 日志模块已经启动
2017-9-20 15:38:15 [info]: 尝试初始化数据库模块
2017-9-20 15:38:15 [info]: 数据库连接成功
2017-9-20 15:38:15 [info]: 数据库模块已经启动
2017-9-20 15:38:15 [info]: socket模块尝试启动
2017-9-20 15:38:15 [info]: 服务器socket创建成功
2017-9-20 15:38:15 [info]: 端口锁定成功
2017-9-20 15:38:15 [info]: 端口侦听成功
2017-9-20 15:38:15 [info]: socket模块已经启动
2017-9-20 15:38:15 [info]: 协议处理模块初始化完成
2017-9-20 15:38:15 [info]: 服务器正式启动，开始侦听端口......
2017-9-20 15:38:15 [info]: 读取数据:0x210x230x3c0x3c0x1c0x1c0x310x310x100x110x120x130x140x150x160x170x180x190x1A0x1Bsword
2017-9-20 15:38:15 [info]: 成功向客户端发送信息：information
2017-9-20 15:38:15 [info]: 读取数据:0x1C0x1D0x1E0x1F0x310x430x000x0E0x110x0A0x140x120x3B0x080x010x230x010x230x010x23
2017-9-20 15:38:15 [info]: 成功向客户端发送信息：information
2017-9-20 15:38:15 [info]: 读取数据:0x3e0x3e
2017-9-20 15:38:15 [info]: 成功向客户端发送信息：information
2017-9-20 15:38:15 [info]: 读取数据:quit
2017-9-20 15:39:22 [info]: 日志模块已经启动
2017-9-20 15:39:22 [info]: 尝试初始化数据库模块
2017-9-20 15:39:22 [info]: 数据库连接成功
2017-9-20 15:39:22 [info]: 数据库模块已经启动
2017-9-20 15:39:22 [info]: socket模块尝试启动
2017-9-20 15:39:22 [info]: 服务器socket创建成功
2017-9-20 15:39:22 [info]: 端口锁定成功
2017-9-20 15:39:22 [info]: 端口侦听成功
2017-9-20 15:39:22 [info]: socket模块已经启动
2017-9-20 15:39:22 [info]: 协议处理模块初始化完成
2017-9-20 15:39:22 [info]: 服务器正式启动，开始侦听端口......
2017-9-20 15:39:22 [info]: 读取数据:0x210x230x3c0x3c0x1c0x1c0x310x310x100x110x120x130x140x150x160x170x180x190x1A0x1Bsword
2017-9-20 15:39:22 [info]: 成功向客户端发送信息：information
2017-9-20 15:39:22 [info]: 读取数据:0x1C0x1D0x1E0x1F0x310x430x000x0E0x110x0A0x140x120x3B0x080x010x230x010x230x010x23
2017-9-20 15:39:22 [info]: 成功向客户端发送信息：information
2017-9-20 15:39:22 [info]: 读取数据:0x3e0x3e
2017-9-20 15:39:22 [info]: 成功向客户端发送信息：information
2017-9-20 15:39:22 [info]: 读取数据:quit
2017-9-20 15:47:13 [info]: 日志模块已经启动
2017-9-20 15:47:13 [info]: 尝试初始化数据库模块
2017-9-20 15:47:13 [info]: 数据库连接成功
2017-9-20 15:47:13 [info]: 数据库模块已经启动
2017-9-20 15:47:13 [info]: socket模块尝试启动
2017-9-20 15:47:13 [info]: 服务器socket创建成功
2017-9-20 15:47:13 [info]: 端口锁定成功
2017-9-20 15:47:13 [info]: 端口侦听成功
2017-9-20 15:47:13 [info]: socket模块已经启动
2017-9-20 15:47:13 [info]: 协议处理模块初始化完成
2017-9-20 15:47:13 [info]: 服务器正式启动，开始侦听端口......
2017-9-20 15:47:13 [info]: 读取数据:(0x210x230x3c0x3c0x1c0x1c0x310x310x100x110x120x130x140x150x160x170x180x190x1A0x1B0x1C0x1D0x1E0x1F0x310x430x000x0E0x110x0A0x140x120x3B0x080x010x230x010x230x010x230x3e0x3e)
2017-9-20 15:47:13 [info]: 成功向客户端发送信息：information
2017-9-20 15:47:13 [info]: 读取数据:(quit)
2017-9-20 15:48:28 [info]: 日志模块已经启动
2017-9-20 15:48:28 [info]: 尝试初始化数据库模块
2017-9-20 15:48:28 [info]: 数据库连接成功
2017-9-20 15:48:28 [info]: 数据库模块已经启动
2017-9-20 15:48:28 [info]: socket模块尝试启动
2017-9-20 15:48:28 [info]: 服务器socket创建成功
2017-9-20 15:48:28 [info]: 端口锁定成功
2017-9-20 15:48:28 [info]: 端口侦听成功
2017-9-20 15:48:28 [info]: socket模块已经启动
2017-9-20 15:48:28 [info]: 协议处理模块初始化完成
2017-9-20 15:48:28 [info]: 服务器正式启动，开始侦听端口......
2017-9-20 15:48:28 [info]: 读取数据:(0x210x230x3c0x3c0x1c0x1c0x310x310x100x110x120x130x140x150x160x170x180x190x1A0x1B0x1C0x1D0x1E0x1F0x310x430x000x0E0x110x0A0x140x120x3B0x080x010x230x010x230x010x230x3e0x3e)
2017-9-20 15:48:28 [info]: 成功向客户端发送信息：information
2017-9-20 15:48:28 [info]: 读取数据:(quit)
2017-9-20 15:49:26 [info]: 日志模块已经启动
2017-9-20 15:49:26 [info]: 尝试初始化数据库模块
2017-9-20 15:49:26 [info]: 数据库连接成功
2017-9-20 15:49:26 [info]: 数据库模块已经启动
2017-9-20 15:49:26 [info]: socket模块尝试启动
2017-9-20 15:49:26 [info]: 服务器socket创建成功
2017-9-20 15:49:26 [info]: 端口锁定成功
2017-9-20 15:49:26 [info]: 端口侦听成功
2017-9-20 15:49:26 [info]: socket模块已经启动
2017-9-20 15:49:26 [info]: 协议处理模块初始化完成
2017-9-20 15:49:26 [info]: 服务器正式启动，开始侦听端口......
2017-9-20 15:49:26 [info]: 读取数据:(0x210x230x3c0x3c0x1c0x1c0x310x310x100x110x120x130x140x150x160x170x180x190x1A0x1B0x1C0x1D0x1E0x1F0x310x430x000x0E0x110x0A0x140x120x3B0x080x010x230x010x230x010x230x3e0x3e)
2017-9-20 15:49:26 [info]: 成功向客户端发送信息：information
2017-9-20 15:49:26 [info]: 读取数据:(quit)
2017-9-20 16:9:39 [info]: 日志模块已经启动
2017-9-20 16:9:39 [info]: 尝试初始化数据库模块
2017-9-20 16:9:39 [info]: 数据库连接成功
2017-9-20 16:9:39 [info]: 数据库模块已经启动
2017-9-20 16:9:39 [info]: socket模块尝试启动
2017-9-20 16:9:39 [info]: 服务器socket创建成功
2017-9-20 16:9:39 [info]: 端口锁定成功
2017-9-20 16:9:39 [info]: 端口侦听成功
2017-9-20 16:9:39 [info]: socket模块已经启动
2017-9-20 16:9:39 [info]: 协议处理模块初始化完成
2017-9-20 16:9:39 [info]: 服务器正式启动，开始侦听端口......
2017-9-20 16:9:39 [info]: 读取数据:(0x210x230x3c0x3c0x1c0x1c0x310x310x100x110x120x130x140x150x160x170x180x190x1A0x1B0x1C0x1D0x1E0x1F0x310x430x000x0E0x110x0A0x140x120x3B0x080x010x230x010x230x010x230x3e0x3e)
2017-9-20 16:9:39 [info]: 成功向客户端发送信息：information
2017-9-20 16:9:39 [info]: 读取数据:(quit)
2017-9-20 16:26:49 [info]: 日志模块已经启动
2017-9-20 16:26:49 [info]: 尝试初始化数据库模块
2017-9-20 16:26:49 [info]: 数据库连接成功
2017-9-20 16:26:49 [info]: 数据库模块已经启动
2017-9-20 16:26:49 [info]: socket模块尝试启动
2017-9-20 16:26:49 [info]: 服务器socket创建成功
2017-9-20 16:26:49 [info]: 端口锁定成功
2017-9-20 16:26:49 [info]: 端口侦听成功
2017-9-20 16:26:49 [info]: socket模块已经启动
2017-9-20 16:26:49 [info]: 协议处理模块初始化完成
2017-9-20 16:26:49 [info]: 服务器正式启动，开始侦听端口......
2017-9-20 16:26:49 [info]: 读取数据:(0x210x230x3c0x3c0x1c0x1c0x310x310x100x110x120x130x140x150x160x170x180x190x1A0x1B0x1C0x1D0x1E0x1F0x310x430x000x0E0x110x0A0x140x120x3B0x080x010x230x010x230x010x230x3e0x3e)
2017-9-20 16:26:49 [info]: 成功向客户端发送信息：information
2017-9-20 16:26:49 [info]: 读取数据:(quit)
2017-9-20 16:32:34 [info]: 日志模块已经启动
2017-9-20 16:32:34 [info]: 尝试初始化数据库模块
2017-9-20 16:32:34 [info]: 数据库连接成功
2017-9-20 16:32:34 [info]: 数据库模块已经启动
2017-9-20 16:32:34 [info]: socket模块尝试启动
2017-9-20 16:32:34 [info]: 服务器socket创建成功
2017-9-20 16:32:34 [info]: 端口锁定成功
2017-9-20 16:32:34 [info]: 端口侦听成功
2017-9-20 16:32:34 [info]: socket模块已经启动
2017-9-20 16:32:34 [info]: 协议处理模块初始化完成
2017-9-20 16:32:34 [info]: 服务器正式启动，开始侦听端口......
2017-9-20 16:32:34 [info]: 读取数据:(0x210x230x3c0x3c0x1c0x1c0x310x310x100x110x120x130x140x150x160x170x180x190x1A0x1B0x1C0x1D0x1E0x1F0x310x430x000x0E0x110x0A0x140x120x3B0x080x010x230x010x230x010x230x3e0x3e)
2017-9-20 16:32:34 [info]: 成功向客户端发送信息：information
2017-9-20 16:32:34 [info]: 读取数据:(quit)
2017-9-20 16:34:45 [info]: 日志模块已经启动
2017-9-20 16:34:45 [info]: 尝试初始化数据库模块
2017-9-20 16:34:45 [info]: 数据库连接成功
2017-9-20 16:34:45 [info]: 数据库模块已经启动
2017-9-20 16:34:45 [info]: socket模块尝试启动
2017-9-20 16:34:45 [info]: 服务器socket创建成功
2017-9-20 16:34:45 [info]: 端口锁定成功
2017-9-20 16:34:45 [info]: 端口侦听成功
2017-9-20 16:34:45 [info]: socket模块已经启动
2017-9-20 16:34:45 [info]: 协议处理模块初始化完成
2017-9-20 16:34:45 [info]: 服务器正式启动，开始侦听端口......
2017-9-20 16:34:45 [info]: 读取数据:(0x210x230x3c0x3c0x1c0x1c0x310x310x100x110x120x130x140x150x160x170x180x190x1A0x1B0x1C0x1D0x1E0x1F0x310x430x000x0E0x110x0A0x140x120x3B0x080x010x230x010x230x010x230x3e0x3e)
2017-9-20 16:34:45 [info]: 成功向客户端发送信息：information
2017-9-20 16:34:45 [info]: 读取数据:(quit)
2017-9-20 16:42:23 [info]: 日志模块已经启动
2017-9-20 16:42:23 [info]: 尝试初始化数据库模块
2017-9-20 16:42:23 [info]: 数据库连接成功
2017-9-20 16:42:23 [info]: 数据库模块已经启动
2017-9-20 16:42:23 [info]: socket模块尝试启动
2017-9-20 16:42:23 [info]: 服务器socket创建成功
2017-9-20 16:42:23 [info]: 端口锁定成功
2017-9-20 16:42:23 [info]: 端口侦听成功
2017-9-20 16:42:23 [info]: socket模块已经启动
2017-9-20 16:42:23 [info]: 协议处理模块初始化完成
2017-9-20 16:42:23 [info]: 服务器正式启动，开始侦听端口......
2017-9-20 16:42:23 [info]: 读取数据:(0x210x230x3c0x3c0x3c0x3c0x310x310x310x370x300x320x300x300x300x300x300x330x330x330x310x430x000x0E0x110x0A0x140x120x3B0x080x010x230x010x230x010x230x3e0x3e)
2017-9-20 16:42:23 [info]: 成功向客户端发送信息：information
2017-9-20 16:42:23 [info]: 读取数据:(quit)
2017-9-20 16:46:6 [info]: 日志模块已经启动
2017-9-20 16:46:6 [info]: 尝试初始化数据库模块
2017-9-20 16:46:6 [info]: 数据库连接成功
2017-9-20 16:46:6 [info]: 数据库模块已经启动
2017-9-20 16:46:6 [info]: socket模块尝试启动
2017-9-20 16:46:6 [info]: 服务器socket创建成功
2017-9-20 16:46:6 [info]: 端口锁定成功
2017-9-20 16:46:6 [info]: 端口侦听成功
2017-9-20 16:46:6 [info]: socket模块已经启动
2017-9-20 16:46:6 [info]: 协议处理模块初始化完成
2017-9-20 16:46:6 [info]: 服务器正式启动，开始侦听端口......
2017-9-20 16:46:6 [info]: 读取数据:(0x210x230x3c0x3c0x3c0x3c0x310x310x310x370x300x320x300x300x300x300x300x330x330x330x310x430x000x0E0x110x0A0x140x120x3B0x080x010x230x010x230x010x230x3e0x3e)
2017-9-20 16:46:6 [info]: 成功向客户端发送信息：information
2017-9-20 16:46:6 [info]: 读取数据:(quit)
2017-9-20 17:2:6 [info]: 日志模块已经启动
2017-9-20 17:2:6 [info]: 尝试初始化数据库模块
2017-9-20 17:2:6 [info]: 数据库连接成功
2017-9-20 17:2:6 [info]: 数据库模块已经启动
2017-9-20 17:2:6 [info]: socket模块尝试启动
2017-9-20 17:2:6 [info]: 服务器socket创建成功
2017-9-20 17:2:6 [info]: 端口锁定成功
2017-9-20 17:2:6 [info]: 端口侦听成功
2017-9-20 17:2:6 [info]: socket模块已经启动
2017-9-20 17:2:6 [info]: 协议处理模块初始化完成
2017-9-20 17:2:6 [info]: 服务器正式启动，开始侦听端口......
2017-9-20 17:2:6 [info]: 读取数据:(21233c3c3c3c31313137303230303030303333333143000E110A14123B080123012301233e3e)
2017-9-20 17:2:6 [info]: 成功向客户端发送信息：information
2017-9-20 17:2:6 [info]: 读取数据:(quit)
2017-9-20 17:52:37 [info]: 日志模块已经启动
2017-9-20 17:52:37 [info]: 尝试初始化数据库模块
2017-9-20 17:52:37 [info]: 数据库连接成功
2017-9-20 17:52:37 [info]: 数据库模块已经启动
2017-9-20 17:52:37 [info]: socket模块尝试启动
2017-9-20 17:52:37 [info]: 服务器socket创建成功
2017-9-20 17:52:37 [info]: 端口锁定成功
2017-9-20 17:52:37 [info]: 端口侦听成功
2017-9-20 17:52:37 [info]: socket模块已经启动
2017-9-20 17:52:37 [info]: 协议处理模块初始化完成
2017-9-20 17:52:37 [info]: 服务器正式启动，开始侦听端口......
2017-9-20 17:52:37 [info]: 读取数据:(21233c3c3c3c31313137303230303030303333333143000E110A14123B080123012301233e3e)
2017-9-20 17:52:37 [info]: 成功向客户端发送信息：information
2017-9-20 17:52:37 [info]: 读取数据:(quit)
2017-9-20 18:8:37 [info]: 日志模块已经启动
2017-9-20 18:8:37 [info]: 尝试初始化数据库模块
2017-9-20 18:8:37 [info]: 数据库连接成功
2017-9-20 18:8:37 [info]: 数据库模块已经启动
2017-9-20 18:8:37 [info]: socket模块尝试启动
2017-9-20 18:8:37 [info]: 服务器socket创建成功
2017-9-20 18:8:37 [info]: 端口锁定成功
2017-9-20 18:8:37 [info]: 端口侦听成功
2017-9-20 18:8:37 [info]: socket模块已经启动
2017-9-20 18:8:37 [info]: 协议处理模块初始化完成
2017-9-20 18:8:37 [info]: 服务器正式启动，开始侦听端口......
2017-9-20 18:8:37 [info]: 读取数据:(21233c3c3c3c31313137303230303030303333333143000E110A14123B080123012301233e3e)
2017-9-20 18:8:37 [info]: 成功向客户端发送信息：information
2017-9-20 18:8:37 [info]: 读取数据:(quit)
2017-9-20 18:32:10 [info]: 日志模块已经启动
2017-9-20 18:32:10 [info]: 尝试初始化数据库模块
2017-9-20 18:32:10 [info]: 数据库连接成功
2017-9-20 18:32:10 [info]: 数据库模块已经启动
2017-9-20 18:32:10 [info]: socket模块尝试启动
2017-9-20 18:32:10 [info]: 服务器socket创建成功
2017-9-20 18:32:10 [info]: 端口锁定成功
2017-9-20 18:32:10 [info]: 端口侦听成功
2017-9-20 18:32:10 [info]: socket模块已经启动
2017-9-20 18:32:10 [info]: 协议处理模块初始化完成
2017-9-20 18:32:10 [info]: 服务器正式启动，开始侦听端口......
2017-9-20 18:32:10 [info]: 读取数据:(21233c3c3c3c31313137303230303030303333333143000E110A14123B080123012301233e3e)
2017-9-20 18:32:10 [info]: 成功向客户端发送信息：information
2017-9-20 18:32:10 [info]: 读取数据:(quit)
2017-9-20 18:33:17 [info]: 日志模块已经启动
2017-9-20 18:33:17 [info]: 尝试初始化数据库模块
2017-9-20 18:33:17 [info]: 数据库连接成功
2017-9-20 18:33:17 [info]: 数据库模块已经启动
2017-9-20 18:33:17 [info]: socket模块尝试启动
2017-9-20 18:33:17 [info]: 服务器socket创建成功
2017-9-20 18:33:17 [info]: 端口锁定成功
2017-9-20 18:33:17 [info]: 端口侦听成功
2017-9-20 18:33:17 [info]: socket模块已经启动
2017-9-20 18:33:17 [info]: 协议处理模块初始化完成
2017-9-20 18:33:17 [info]: 服务器正式启动，开始侦听端口......
2017-9-20 18:33:17 [info]: 读取数据:(21233c3c3c3c31313137303230303030303333333143000E110A14123B080123012301233e3e)
2017-9-20 18:33:17 [info]: 成功向客户端发送信息：information
2017-9-20 18:33:17 [info]: 读取数据:(quit)
2017-9-20 18:34:17 [info]: 日志模块已经启动
2017-9-20 18:34:17 [info]: 尝试初始化数据库模块
2017-9-20 18:34:17 [info]: 数据库连接成功
2017-9-20 18:34:17 [info]: 数据库模块已经启动
2017-9-20 18:34:17 [info]: socket模块尝试启动
2017-9-20 18:34:17 [info]: 服务器socket创建成功
2017-9-20 18:34:17 [info]: 端口锁定成功
2017-9-20 18:34:17 [info]: 端口侦听成功
2017-9-20 18:34:17 [info]: socket模块已经启动
2017-9-20 18:34:17 [info]: 协议处理模块初始化完成
2017-9-20 18:34:17 [info]: 服务器正式启动，开始侦听端口......
2017-9-20 18:34:17 [info]: 读取数据:(21233c3c3c3c31313137303230303030303333333143000E110A14123B080123012301233e3e)
2017-9-20 18:34:17 [info]: 成功向客户端发送信息：information
2017-9-20 18:34:17 [info]: 读取数据:(quit)
2017-9-20 18:35:4 [info]: 日志模块已经启动
2017-9-20 18:35:4 [info]: 尝试初始化数据库模块
2017-9-20 18:35:4 [info]: 数据库连接成功
2017-9-20 18:35:4 [info]: 数据库模块已经启动
2017-9-20 18:35:4 [info]: socket模块尝试启动
2017-9-20 18:35:4 [info]: 服务器socket创建成功
2017-9-20 18:35:4 [info]: 端口锁定成功
2017-9-20 18:35:4 [info]: 端口侦听成功
2017-9-20 18:35:4 [info]: socket模块已经启动
2017-9-20 18:35:4 [info]: 协议处理模块初始化完成
2017-9-20 18:35:4 [info]: 服务器正式启动，开始侦听端口......
2017-9-20 18:35:4 [info]: 读取数据:(21233c3c3c3c31313137303230303030303333333143000E110A14123B080123012301233e3e)
2017-9-20 18:35:4 [info]: 成功向客户端发送信息：information
2017-9-20 18:35:4 [info]: 读取数据:(quit)
2017-9-20 20:24:0 [info]: 日志模块已经启动
2017-9-20 20:24:0 [info]: 尝试初始化数据库模块
2017-9-20 20:24:0 [info]: 数据库连接成功
2017-9-20 20:24:0 [info]: 数据库模块已经启动
2017-9-20 20:24:0 [info]: socket模块尝试启动
2017-9-20 20:24:0 [info]: 服务器socket创建成功
2017-9-20 20:24:0 [info]: 端口锁定成功
2017-9-20 20:24:0 [info]: 端口侦听成功
2017-9-20 20:24:0 [info]: socket模块已经启动
2017-9-20 20:24:0 [info]: 协议处理模块初始化完成
2017-9-20 20:24:0 [info]: 服务器正式启动，开始侦听端口......
2017-9-20 20:24:0 [info]: 读取数据:(21233c3c3c3c31313137303230303030303333333143000E110A14123B080123012301233e3e)
2017-9-20 20:24:0 [erro]: 数据操作失败
2017-9-20 20:24:0 [info]: 成功向客户端发送信息：information
2017-9-20 20:24:0 [info]: 读取数据:(quit)
2017-9-20 20:26:26 [info]: 日志模块已经启动
2017-9-20 20:26:26 [info]: 尝试初始化数据库模块
2017-9-20 20:26:26 [info]: 数据库连接成功
2017-9-20 20:26:26 [info]: 数据库模块已经启动
2017-9-20 20:26:26 [info]: socket模块尝试启动
2017-9-20 20:26:26 [info]: 服务器socket创建成功
2017-9-20 20:26:26 [erro]: 端口锁定失败
2017-9-20 20:26:26 [info]: socket模块已经启动
2017-9-20 20:26:26 [info]: 协议处理模块初始化完成
2017-9-20 20:26:26 [info]: 服务器正式启动，开始侦听端口......
2017-9-20 20:26:26 [erro]: 并没有被接受服务器被迫停止，原因有可能是端口被占用，请重试
2017-9-20 20:26:38 [info]: 日志模块已经启动
2017-9-20 20:26:38 [info]: 尝试初始化数据库模块
2017-9-20 20:26:38 [info]: 数据库连接成功
2017-9-20 20:26:38 [info]: 数据库模块已经启动
2017-9-20 20:26:38 [info]: socket模块尝试启动
2017-9-20 20:26:38 [info]: 服务器socket创建成功
2017-9-20 20:26:38 [erro]: 端口锁定失败
2017-9-20 20:26:38 [info]: socket模块已经启动
2017-9-20 20:26:38 [info]: 协议处理模块初始化完成
2017-9-20 20:26:38 [info]: 服务器正式启动，开始侦听端口......
2017-9-20 20:26:38 [erro]: 并没有被接受服务器被迫停止，原因有可能是端口被占用，请重试
2017-9-20 20:26:54 [info]: 日志模块已经启动
2017-9-20 20:26:54 [info]: 尝试初始化数据库模块
2017-9-20 20:26:54 [info]: 数据库连接成功
2017-9-20 20:26:54 [info]: 数据库模块已经启动
2017-9-20 20:26:54 [info]: socket模块尝试启动
2017-9-20 20:26:54 [info]: 服务器socket创建成功
2017-9-20 20:26:54 [erro]: 端口锁定失败
2017-9-20 20:26:54 [info]: socket模块已经启动
2017-9-20 20:26:54 [info]: 协议处理模块初始化完成
2017-9-20 20:26:54 [info]: 服务器正式启动，开始侦听端口......
2017-9-20 20:26:54 [erro]: 并没有被接受服务器被迫停止，原因有可能是端口被占用，请重试
2017-9-20 20:26:57 [info]: 日志模块已经启动
2017-9-20 20:26:57 [info]: 尝试初始化数据库模块
2017-9-20 20:26:57 [info]: 数据库连接成功
2017-9-20 20:26:57 [info]: 数据库模块已经启动
2017-9-20 20:26:57 [info]: socket模块尝试启动
2017-9-20 20:26:57 [info]: 服务器socket创建成功
2017-9-20 20:26:57 [erro]: 端口锁定失败
2017-9-20 20:26:57 [info]: socket模块已经启动
2017-9-20 20:26:57 [info]: 协议处理模块初始化完成
2017-9-20 20:26:57 [info]: 服务器正式启动，开始侦听端口......
2017-9-20 20:26:57 [erro]: 并没有被接受服务器被迫停止，原因有可能是端口被占用，请重试
2017-9-20 20:26:58 [info]: 日志模块已经启动
2017-9-20 20:26:58 [info]: 尝试初始化数据库模块
2017-9-20 20:26:58 [info]: 数据库连接成功
2017-9-20 20:26:58 [info]: 数据库模块已经启动
2017-9-20 20:26:58 [info]: socket模块尝试启动
2017-9-20 20:26:58 [info]: 服务器socket创建成功
2017-9-20 20:26:58 [erro]: 端口锁定失败
2017-9-20 20:26:58 [info]: socket模块已经启动
2017-9-20 20:26:58 [info]: 协议处理模块初始化完成
2017-9-20 20:26:58 [info]: 服务器正式启动，开始侦听端口......
2017-9-20 20:26:58 [erro]: 并没有被接受服务器被迫停止，原因有可能是端口被占用，请重试
2017-9-20 20:27:0 [info]: 日志模块已经启动
2017-9-20 20:27:0 [info]: 尝试初始化数据库模块
2017-9-20 20:27:0 [info]: 数据库连接成功
2017-9-20 20:27:0 [info]: 数据库模块已经启动
2017-9-20 20:27:0 [info]: socket模块尝试启动
2017-9-20 20:27:0 [info]: 服务器socket创建成功
2017-9-20 20:27:0 [erro]: 端口锁定失败
2017-9-20 20:27:0 [info]: socket模块已经启动
2017-9-20 20:27:0 [info]: 协议处理模块初始化完成
2017-9-20 20:27:0 [info]: 服务器正式启动，开始侦听端口......
2017-9-20 20:27:0 [erro]: 并没有被接受服务器被迫停止，原因有可能是端口被占用，请重试
2017-9-20 20:27:0 [info]: 日志模块已经启动
2017-9-20 20:27:0 [info]: 尝试初始化数据库模块
2017-9-20 20:27:0 [info]: 数据库连接成功
2017-9-20 20:27:0 [info]: 数据库模块已经启动
2017-9-20 20:27:0 [info]: socket模块尝试启动
2017-9-20 20:27:0 [info]: 服务器socket创建成功
2017-9-20 20:27:0 [erro]: 端口锁定失败
2017-9-20 20:27:0 [info]: socket模块已经启动
2017-9-20 20:27:0 [info]: 协议处理模块初始化完成
2017-9-20 20:27:0 [info]: 服务器正式启动，开始侦听端口......
2017-9-20 20:27:0 [erro]: 并没有被接受服务器被迫停止，原因有可能是端口被占用，请重试
2017-9-20 20:27:1 [info]: 日志模块已经启动
2017-9-20 20:27:1 [info]: 尝试初始化数据库模块
2017-9-20 20:27:1 [info]: 数据库连接成功
2017-9-20 20:27:1 [info]: 数据库模块已经启动
2017-9-20 20:27:1 [info]: socket模块尝试启动
2017-9-20 20:27:1 [info]: 服务器socket创建成功
2017-9-20 20:27:1 [erro]: 端口锁定失败
2017-9-20 20:27:1 [info]: socket模块已经启动
2017-9-20 20:27:1 [info]: 协议处理模块初始化完成
2017-9-20 20:27:1 [info]: 服务器正式启动，开始侦听端口......
2017-9-20 20:27:1 [erro]: 并没有被接受服务器被迫停止，原因有可能是端口被占用，请重试
2017-9-20 20:27:12 [info]: 日志模块已经启动
2017-9-20 20:27:12 [info]: 尝试初始化数据库模块
2017-9-20 20:27:12 [info]: 数据库连接成功
2017-9-20 20:27:12 [info]: 数据库模块已经启动
2017-9-20 20:27:12 [info]: socket模块尝试启动
2017-9-20 20:27:12 [info]: 服务器socket创建成功
2017-9-20 20:27:12 [info]: 端口锁定成功
2017-9-20 20:27:12 [info]: 端口侦听成功
2017-9-20 20:27:12 [info]: socket模块已经启动
2017-9-20 20:27:12 [info]: 协议处理模块初始化完成
2017-9-20 20:27:12 [info]: 服务器正式启动，开始侦听端口......
2017-9-20 20:27:12 [info]: 读取数据:(21233c3c3c3c31313137303230303030303333333143000E110A14123B080123012301233e3e)
2017-9-20 20:27:12 [erro]: 数据操作失败
2017-9-20 20:27:12 [info]: 成功向客户端发送信息：information
2017-9-20 20:27:12 [info]: 读取数据:(quit)
2017-9-20 20:28:35 [info]: 日志模块已经启动
2017-9-20 20:28:35 [info]: 尝试初始化数据库模块
2017-9-20 20:28:35 [info]: 数据库连接成功
2017-9-20 20:28:35 [info]: 数据库模块已经启动
2017-9-20 20:28:35 [info]: socket模块尝试启动
2017-9-20 20:28:35 [info]: 服务器socket创建成功
2017-9-20 20:28:35 [info]: 端口锁定成功
2017-9-20 20:28:35 [info]: 端口侦听成功
2017-9-20 20:28:35 [info]: socket模块已经启动
2017-9-20 20:28:35 [info]: 协议处理模块初始化完成
2017-9-20 20:28:35 [info]: 服务器正式启动，开始侦听端口......
2017-9-20 20:28:35 [info]: 读取数据:(21233c3c3c3c31313137303230303030303333333143000E110A14123B080123012301233e3e)
2017-9-20 20:28:35 [erro]: 数据操作失败
2017-9-20 20:28:35 [info]: 成功向客户端发送信息：information
2017-9-20 20:28:35 [info]: 读取数据:(quit)
2017-9-20 20:29:34 [info]: 日志模块已经启动
2017-9-20 20:29:34 [info]: 尝试初始化数据库模块
2017-9-20 20:29:34 [info]: 数据库连接成功
2017-9-20 20:29:34 [info]: 数据库模块已经启动
2017-9-20 20:29:34 [info]: socket模块尝试启动
2017-9-20 20:29:34 [info]: 服务器socket创建成功
2017-9-20 20:29:34 [info]: 端口锁定成功
2017-9-20 20:29:34 [info]: 端口侦听成功
2017-9-20 20:29:34 [info]: socket模块已经启动
2017-9-20 20:29:34 [info]: 协议处理模块初始化完成
2017-9-20 20:29:34 [info]: 服务器正式启动，开始侦听端口......
2017-9-20 20:29:34 [info]: 读取数据:(21233c3c3c3c31313137303230303030303333333143000E110A14123B080123012301233e3e)
2017-9-20 20:29:34 [erro]: 数据操作失败
2017-9-20 20:29:34 [info]: 成功向客户端发送信息：information
2017-9-20 20:29:34 [info]: 读取数据:(quit)
2017-9-20 20:37:35 [info]: 日志模块已经启动
2017-9-20 20:37:35 [info]: 尝试初始化数据库模块
2017-9-20 20:37:35 [info]: 数据库连接成功
2017-9-20 20:37:35 [info]: 数据库模块已经启动
2017-9-20 20:37:35 [info]: socket模块尝试启动
2017-9-20 20:37:35 [info]: 服务器socket创建成功
2017-9-20 20:37:35 [info]: 端口锁定成功
2017-9-20 20:37:35 [info]: 端口侦听成功
2017-9-20 20:37:35 [info]: socket模块已经启动
2017-9-20 20:37:35 [info]: 协议处理模块初始化完成
2017-9-20 20:37:35 [info]: 服务器正式启动，开始侦听端口......
2017-9-20 20:37:35 [info]: 读取数据:(21233c3c3c3c31313137303230303030303333333143000E110A14123B080123012301233e3e)
2017-9-20 20:37:35 [erro]: 数据操作失败
2017-9-20 20:37:35 [info]: 成功向客户端发送信息：information
2017-9-20 20:37:35 [info]: 读取数据:(quit)
2017-9-20 20:39:16 [info]: 日志模块已经启动
2017-9-20 20:39:16 [info]: 尝试初始化数据库模块
2017-9-20 20:39:16 [info]: 数据库连接成功
2017-9-20 20:39:16 [info]: 数据库模块已经启动
2017-9-20 20:39:16 [info]: socket模块尝试启动
2017-9-20 20:39:16 [info]: 服务器socket创建成功
2017-9-20 20:39:16 [info]: 端口锁定成功
2017-9-20 20:39:16 [info]: 端口侦听成功
2017-9-20 20:39:16 [info]: socket模块已经启动
2017-9-20 20:39:16 [info]: 协议处理模块初始化完成
2017-9-20 20:39:16 [info]: 服务器正式启动，开始侦听端口......
2017-9-20 20:39:16 [info]: 读取数据:(21233c3c3c3c31313137303230303030303333333143000E110A14123B080123012301233e3e)
2017-9-20 20:39:16 [info]: 数据操作成功
2017-9-20 20:39:16 [info]: 成功向客户端发送信息：information
2017-9-20 20:39:16 [info]: 读取数据:(quit)
2017-9-20 20:39:16 [info]: 读取数据:(21233c3c3c3c31313137303230303030303333333143000E110A14123B080123012301233e3e)
2017-9-20 20:39:16 [info]: 数据操作成功
2017-9-20 20:39:16 [info]: 成功向客户端发送信息：information
2017-9-20 20:39:16 [info]: 读取数据:(quit)
2017-9-20 20:39:16 [info]: 读取数据:(21233c3c3c3c31313137303230303030303333333143000E110A14123B080123012301233e3e)
2017-9-20 20:39:16 [info]: 数据操作成功
2017-9-20 20:39:16 [info]: 成功向客户端发送信息：information
2017-9-20 20:39:16 [info]: 读取数据:(quit)
2017-9-20 20:39:16 [info]: 读取数据:(21233c3c3c3c31313137303230303030303333333143000E110A14123B080123012301233e3e)
2017-9-20 20:39:16 [info]: 数据操作成功
2017-9-20 20:39:16 [info]: 成功向客户端发送信息：information
2017-9-20 20:39:16 [info]: 读取数据:(quit)
2017-9-20 20:39:16 [info]: 读取数据:(21233c3c3c3c31313137303230303030303333333143000E110A14123B080123012301233e3e)
2017-9-20 20:39:16 [info]: 数据操作成功
2017-9-20 20:39:16 [info]: 成功向客户端发送信息：information
2017-9-20 20:39:16 [info]: 读取数据:(quit)
2017-9-20 20:39:16 [info]: 读取数据:(21233c3c3c3c31313137303230303030303333333143000E110A14123B080123012301233e3e)
2017-9-20 20:39:16 [info]: 数据操作成功
2017-9-20 20:39:16 [info]: 成功向客户端发送信息：information
2017-9-20 20:39:16 [info]: 读取数据:(quit)
2017-9-20 20:39:16 [info]: 读取数据:(21233c3c3c3c31313137303230303030303333333143000E110A14123B080123012301233e3e)
2017-9-20 20:39:16 [info]: 数据操作成功
2017-9-20 20:39:16 [info]: 成功向客户端发送信息：information
2017-9-20 20:39:16 [info]: 读取数据:(quit)
2017-9-20 20:39:16 [info]: 读取数据:(21233c3c3c3c31313137303230303030303333333143000E110A14123B080123012301233e3e)
2017-9-20 20:39:16 [info]: 数据操作成功
2017-9-20 20:39:16 [info]: 成功向客户端发送信息：information
2017-9-20 20:39:16 [info]: 读取数据:(quit)
2017-9-20 20:39:16 [info]: 读取数据:(21233c3c3c3c31313137303230303030303333333143000E110A14123B080123012301233e3e)
2017-9-20 20:39:16 [info]: 数据操作成功
2017-9-20 20:39:16 [info]: 成功向客户端发送信息：information
2017-9-20 20:39:16 [info]: 读取数据:(quit)
2017-9-20 20:39:16 [info]: 读取数据:(21233c3c3c3c31313137303230303030303333333143000E110A14123B080123012301233e3e)
2017-9-20 20:39:16 [info]: 数据操作成功
2017-9-20 20:39:16 [info]: 成功向客户端发送信息：information
2017-9-20 20:39:16 [info]: 读取数据:(quit)
